
> backend@0.0.1 dev
> nest start --watch

[2J[3J[H[[90m6:38:06 PM[0m] Starting compilation in watch mode...

[[90m6:38:07 PM[0m] Found 0 errors. Watching for file changes.

[32m[Nest] 43539  - [39m04/04/2026, 6:38:07 PM [32m    LOG[39m [38;5;3m[NestFactory] [39m[32mStarting Nest application...[39m
[31m[Nest] 43539  - [39m04/04/2026, 6:38:07 PM [31m  ERROR[39m [38;5;3m[ExceptionHandler] [39mUnknownDependenciesException [Error]: Nest can't resolve dependencies of the UsersService (?). Please make sure that the argument PrismaService at index [0] is available in the UsersModule module.

Potential solutions:
- Is UsersModule a valid NestJS module?
- If PrismaService is a provider, is it part of the current UsersModule?
- If PrismaService is exported from a separate @Module, is that module imported within UsersModule?
  @Module({
    imports: [ /* the Module containing PrismaService */ ]
  })

For more common dependency resolution issues, see: https://docs.nestjs.com/faq/common-errors
    at Injector.lookupComponentInParentModules (/Users/vamsikrishnasaiika/Desktop/tourist/node_modules/[4m@nestjs/core[24m/injector/injector.js:290:19)
    at async resolveParam (/Users/vamsikrishnasaiika/Desktop/tourist/node_modules/[4m@nestjs/core[24m/injector/injector.js:140:38)
    at async Promise.all (index 0)
    at async Injector.resolveConstructorParams (/Users/vamsikrishnasaiika/Desktop/tourist/node_modules/[4m@nestjs/core[24m/injector/injector.js:169:27)
    at async Injector.loadInstance (/Users/vamsikrishnasaiika/Desktop/tourist/node_modules/[4m@nestjs/core[24m/injector/injector.js:75:13)
    at async Injector.loadProvider (/Users/vamsikrishnasaiika/Desktop/tourist/node_modules/[4m@nestjs/core[24m/injector/injector.js:103:9)
    at async /Users/vamsikrishnasaiika/Desktop/tourist/node_modules/[4m@nestjs/core[24m/injector/instance-loader.js:56:13
    at async Promise.all (index 3)
    at async InstanceLoader.createInstancesOfProviders (/Users/vamsikrishnasaiika/Desktop/tourist/node_modules/[4m@nestjs/core[24m/injector/instance-loader.js:55:9)
    at async /Users/vamsikrishnasaiika/Desktop/tourist/node_modules/[4m@nestjs/core[24m/injector/instance-loader.js:40:13 {
  type: [32m'UsersService'[39m,
  context: {
    index: [33m0[39m,
    dependencies: [
      [36m[class PrismaService extends t][39m
    ],
    name: [36m[class PrismaService extends t][39m
  },
  metadata: {
    id: [32m'aab99b2b1e9e3378f681a'[39m
  },
  moduleRef: {
    id: [32m'd4c01482be2c46728a089'[39m
  }
}
[2J[3J[H[[90m6:39:27 PM[0m] File change detected. Starting incremental compilation...

[[90m6:39:27 PM[0m] Found 0 errors. Watching for file changes.

[32m[Nest] 43695  - [39m04/04/2026, 6:39:28 PM [32m    LOG[39m [38;5;3m[NestFactory] [39m[32mStarting Nest application...[39m
[31m[Nest] 43695  - [39m04/04/2026, 6:39:28 PM [31m  ERROR[39m [38;5;3m[ExceptionHandler] [39mUnknownDependenciesException [Error]: Nest can't resolve dependencies of the UsersService (?). Please make sure that the argument PrismaService at index [0] is available in the UsersModule module.

Potential solutions:
- Is UsersModule a valid NestJS module?
- If PrismaService is a provider, is it part of the current UsersModule?
- If PrismaService is exported from a separate @Module, is that module imported within UsersModule?
  @Module({
    imports: [ /* the Module containing PrismaService */ ]
  })

For more common dependency resolution issues, see: https://docs.nestjs.com/faq/common-errors
    at Injector.lookupComponentInParentModules (/Users/vamsikrishnasaiika/Desktop/tourist/node_modules/[4m@nestjs/core[24m/injector/injector.js:290:19)
    at async resolveParam (/Users/vamsikrishnasaiika/Desktop/tourist/node_modules/[4m@nestjs/core[24m/injector/injector.js:140:38)
    at async Promise.all (index 0)
    at async Injector.resolveConstructorParams (/Users/vamsikrishnasaiika/Desktop/tourist/node_modules/[4m@nestjs/core[24m/injector/injector.js:169:27)
    at async Injector.loadInstance (/Users/vamsikrishnasaiika/Desktop/tourist/node_modules/[4m@nestjs/core[24m/injector/injector.js:75:13)
    at async Injector.loadProvider (/Users/vamsikrishnasaiika/Desktop/tourist/node_modules/[4m@nestjs/core[24m/injector/injector.js:103:9)
    at async /Users/vamsikrishnasaiika/Desktop/tourist/node_modules/[4m@nestjs/core[24m/injector/instance-loader.js:56:13
    at async Promise.all (index 3)
    at async InstanceLoader.createInstancesOfProviders (/Users/vamsikrishnasaiika/Desktop/tourist/node_modules/[4m@nestjs/core[24m/injector/instance-loader.js:55:9)
    at async /Users/vamsikrishnasaiika/Desktop/tourist/node_modules/[4m@nestjs/core[24m/injector/instance-loader.js:40:13 {
  type: [32m'UsersService'[39m,
  context: {
    index: [33m0[39m,
    dependencies: [
      [36m[class PrismaService extends t][39m
    ],
    name: [36m[class PrismaService extends t][39m
  },
  metadata: {
    id: [32m'121e691d5e1133d7d70b3'[39m
  },
  moduleRef: {
    id: [32m'7afb17b50c5b223e8937a'[39m
  }
}
[2J[3J[H[[90m6:39:59 PM[0m] File change detected. Starting incremental compilation...

[[90m6:39:59 PM[0m] Found 0 errors. Watching for file changes.

[32m[Nest] 43703  - [39m04/04/2026, 6:40:00 PM [32m    LOG[39m [38;5;3m[NestFactory] [39m[32mStarting Nest application...[39m
[32m[Nest] 43703  - [39m04/04/2026, 6:40:00 PM [32m    LOG[39m [38;5;3m[InstanceLoader] [39m[32mPrismaModule dependencies initialized[39m[38;5;3m +17ms[39m
[32m[Nest] 43703  - [39m04/04/2026, 6:40:00 PM [32m    LOG[39m [38;5;3m[InstanceLoader] [39m[32mHttpModule dependencies initialized[39m[38;5;3m +11ms[39m
[32m[Nest] 43703  - [39m04/04/2026, 6:40:00 PM [32m    LOG[39m [38;5;3m[InstanceLoader] [39m[32mAppModule dependencies initialized[39m[38;5;3m +0ms[39m
[32m[Nest] 43703  - [39m04/04/2026, 6:40:00 PM [32m    LOG[39m [38;5;3m[InstanceLoader] [39m[32mChatbotModule dependencies initialized[39m[38;5;3m +0ms[39m
[32m[Nest] 43703  - [39m04/04/2026, 6:40:00 PM [32m    LOG[39m [38;5;3m[InstanceLoader] [39m[32mUsersModule dependencies initialized[39m[38;5;3m +0ms[39m
[32m[Nest] 43703  - [39m04/04/2026, 6:40:00 PM [32m    LOG[39m [38;5;3m[InstanceLoader] [39m[32mTripsModule dependencies initialized[39m[38;5;3m +0ms[39m
[32m[Nest] 43703  - [39m04/04/2026, 6:40:00 PM [32m    LOG[39m [38;5;3m[RoutesResolver] [39m[32mAppController {/}:[39m[38;5;3m +3ms[39m
[32m[Nest] 43703  - [39m04/04/2026, 6:40:00 PM [32m    LOG[39m [38;5;3m[RouterExplorer] [39m[32mMapped {/, GET} route[39m[38;5;3m +1ms[39m
[32m[Nest] 43703  - [39m04/04/2026, 6:40:00 PM [32m    LOG[39m [38;5;3m[RoutesResolver] [39m[32mUsersController {/users}:[39m[38;5;3m +0ms[39m
[32m[Nest] 43703  - [39m04/04/2026, 6:40:00 PM [32m    LOG[39m [38;5;3m[RouterExplorer] [39m[32mMapped {/users, POST} route[39m[38;5;3m +0ms[39m
[32m[Nest] 43703  - [39m04/04/2026, 6:40:00 PM [32m    LOG[39m [38;5;3m[RouterExplorer] [39m[32mMapped {/users, GET} route[39m[38;5;3m +0ms[39m
[32m[Nest] 43703  - [39m04/04/2026, 6:40:00 PM [32m    LOG[39m [38;5;3m[RouterExplorer] [39m[32mMapped {/users/:id, GET} route[39m[38;5;3m +0ms[39m
[32m[Nest] 43703  - [39m04/04/2026, 6:40:00 PM [32m    LOG[39m [38;5;3m[RoutesResolver] [39m[32mTripsController {/trips}:[39m[38;5;3m +0ms[39m
[32m[Nest] 43703  - [39m04/04/2026, 6:40:00 PM [32m    LOG[39m [38;5;3m[RouterExplorer] [39m[32mMapped {/trips, POST} route[39m[38;5;3m +1ms[39m
[32m[Nest] 43703  - [39m04/04/2026, 6:40:00 PM [32m    LOG[39m [38;5;3m[RouterExplorer] [39m[32mMapped {/trips, GET} route[39m[38;5;3m +0ms[39m
[32m[Nest] 43703  - [39m04/04/2026, 6:40:00 PM [32m    LOG[39m [38;5;3m[RouterExplorer] [39m[32mMapped {/trips/:id, GET} route[39m[38;5;3m +0ms[39m
[32m[Nest] 43703  - [39m04/04/2026, 6:40:00 PM [32m    LOG[39m [38;5;3m[RouterExplorer] [39m[32mMapped {/trips/:id/locations, POST} route[39m[38;5;3m +0ms[39m
[32m[Nest] 43703  - [39m04/04/2026, 6:40:00 PM [32m    LOG[39m [38;5;3m[RouterExplorer] [39m[32mMapped {/trips/:id/alerts, POST} route[39m[38;5;3m +0ms[39m
[32m[Nest] 43703  - [39m04/04/2026, 6:40:00 PM [32m    LOG[39m [38;5;3m[RoutesResolver] [39m[32mChatbotController {/chatbot}:[39m[38;5;3m +0ms[39m
[32m[Nest] 43703  - [39m04/04/2026, 6:40:00 PM [32m    LOG[39m [38;5;3m[RouterExplorer] [39m[32mMapped {/chatbot, POST} route[39m[38;5;3m +0ms[39m
prisma:info Starting a sqlite pool with 17 connections.
[32m[Nest] 43703  - [39m04/04/2026, 6:40:00 PM [32m    LOG[39m [38;5;3m[NestApplication] [39m[32mNest application successfully started[39m[38;5;3m +10ms[39m
[31m[Nest] 43703  - [39m04/04/2026, 6:40:00 PM [31m  ERROR[39m [38;5;3m[NestApplication] [39m[31mError: listen EADDRINUSE: address already in use 0.0.0.0:3000[39m[38;5;3m +7ms[39m
node:net:2008
    const ex = new UVExceptionWithHostPort(err, 'listen', address, port);
               ^

Error: listen EADDRINUSE: address already in use 0.0.0.0:3000
    at Server.setupListenHandle [as _listen2] (node:net:2008:16)
    at listenInCluster (node:net:2065:12)
    at node:net:2274:7
    at process.processTicksAndRejections (node:internal/process/task_queues:90:21) {
  code: 'EADDRINUSE',
  errno: -48,
  syscall: 'listen',
  address: '0.0.0.0',
  port: 3000
}

Node.js v25.8.2
